Build started 12/31/2013 5:38:22 PM.
     1>Project "C:\Users\jcl5m\Documents\GitHub\quadrotor_control\CameraTracker\CameraTracker\CameraTracker.vcxproj" on node 2 (Build target(s)).
     1>ClCompile:
         C:\Program Files (x86)\Microsoft Visual Studio 12.0\VC\bin\CL.exe /c /ZI /nologo /W3 /WX- /sdl /Od /Oy- /D WIN32 /D _DEBUG /D _CONSOLE /D _LIB /D _UNICODE /D UNICODE /Gm /EHsc /RTC1 /MDd /GS /fp:precise /Zc:wchar_t /Zc:forScope /Yu"stdafx.h" /Fp"Debug\CameraTracker.pch" /Fo"Debug\\" /Fd"Debug\vc120.pdb" /Gd /TP /analyze- /errorReport:prompt CameraTracker.cpp
         CameraTracker.cpp
       Link:
         C:\Program Files (x86)\Microsoft Visual Studio 12.0\VC\bin\link.exe /ERRORREPORT:PROMPT /OUT:"C:\Users\jcl5m\Documents\GitHub\quadrotor_control\CameraTracker\Debug\CameraTracker.exe" /INCREMENTAL /NOLOGO opencv_core248d.lib opencv_highgui248d.lib opencv_video248d.lib kernel32.lib user32.lib gdi32.lib winspool.lib comdlg32.lib advapi32.lib shell32.lib ole32.lib oleaut32.lib uuid.lib odbc32.lib odbccp32.lib /MANIFEST /MANIFESTUAC:"level='asInvoker' uiAccess='false'" /manifest:embed /DEBUG /PDB:"C:\Users\jcl5m\Documents\GitHub\quadrotor_control\CameraTracker\Debug\CameraTracker.pdb" /SUBSYSTEM:CONSOLE /TLBID:1 /DYNAMICBASE /NXCOMPAT /IMPLIB:"C:\Users\jcl5m\Documents\GitHub\quadrotor_control\CameraTracker\Debug\CameraTracker.lib" /MACHINE:X86 Debug\CameraTracker.obj
         Debug\stdafx.obj
     1>CameraTracker.obj : error LNK2019: unresolved external symbol "double __cdecl cv::threshold(class cv::_InputArray const &,class cv::_OutputArray const &,double,double,int)" (?threshold@cv@@YANABV_InputArray@1@ABV_OutputArray@1@NNH@Z) referenced in function _wmain
     1>C:\Users\jcl5m\Documents\GitHub\quadrotor_control\CameraTracker\Debug\CameraTracker.exe : fatal error LNK1120: 1 unresolved externals
     1>Done Building Project "C:\Users\jcl5m\Documents\GitHub\quadrotor_control\CameraTracker\CameraTracker\CameraTracker.vcxproj" (Build target(s)) -- FAILED.

Build FAILED.

Time Elapsed 00:00:01.86
